2020-11-06 07:19:16,404 [Worker-2: Loading available Gradle versions] INFO  o.e.b.c.i.u.g.PublishedGradleVersions - Gradle version information cache is up-to-date. Trying to read.
2020-11-06 07:20:19,370 [Worker-1: Building] INFO  o.e.m.c.i.l.LifecycleMappingFactory - Using org.maven.ide.eclipse.wtp.WarLifecycleMapping lifecycle mapping for MavenProject: Phonebook:Phonebook:0.0.1-SNAPSHOT @ C:\Users\Vinit\Desktop\Ad_JAVA\callback_proj\contactbookproject\pom.xml.
2020-11-06 07:20:25,375 [Worker-1: Building] WARN  o.e.m.c.i.embedder.EclipseLogger - Using platform encoding (Cp1252 actually) to copy filtered resources, i.e. build is platform dependent!
2020-11-06 07:20:25,378 [Worker-1: Building] INFO  o.e.m.c.i.embedder.EclipseLogger - skip non existing resourceDirectory C:\Users\Vinit\Desktop\Ad_JAVA\callback_proj\contactbookproject\src\main\resources
2020-11-06 07:20:25,381 [Worker-1: Building] WARN  o.e.m.c.i.embedder.EclipseLogger - Using platform encoding (Cp1252 actually) to copy filtered resources, i.e. build is platform dependent!
2020-11-06 07:20:25,383 [Worker-1: Building] INFO  o.e.m.c.i.embedder.EclipseLogger - skip non existing resourceDirectory C:\Users\Vinit\Desktop\Ad_JAVA\callback_proj\contactbookproject\src\test\resources
2020-11-06 07:20:34,272 [Worker-1: Building] WARN  o.e.m.c.i.embedder.EclipseLogger - Using platform encoding (Cp1252 actually) to copy filtered resources, i.e. build is platform dependent!
2020-11-06 07:20:34,274 [Worker-1: Building] INFO  o.e.m.c.i.embedder.EclipseLogger - skip non existing resourceDirectory C:\Users\Vinit\Desktop\Ad_JAVA\callback_proj\contactbookproject\src\main\resources
2020-11-06 07:20:34,276 [Worker-1: Building] WARN  o.e.m.c.i.embedder.EclipseLogger - Using platform encoding (Cp1252 actually) to copy filtered resources, i.e. build is platform dependent!
2020-11-06 07:20:34,277 [Worker-1: Building] INFO  o.e.m.c.i.embedder.EclipseLogger - skip non existing resourceDirectory C:\Users\Vinit\Desktop\Ad_JAVA\callback_proj\contactbookproject\src\test\resources
2020-11-06 07:20:40,292 [Worker-15: Building] WARN  o.e.m.c.i.embedder.EclipseLogger - Using platform encoding (Cp1252 actually) to copy filtered resources, i.e. build is platform dependent!
2020-11-06 07:20:40,294 [Worker-15: Building] INFO  o.e.m.c.i.embedder.EclipseLogger - skip non existing resourceDirectory C:\Users\Vinit\Desktop\Ad_JAVA\callback_proj\contactbookproject\src\main\resources
2020-11-06 07:20:40,297 [Worker-15: Building] WARN  o.e.m.c.i.embedder.EclipseLogger - Using platform encoding (Cp1252 actually) to copy filtered resources, i.e. build is platform dependent!
2020-11-06 07:20:40,299 [Worker-15: Building] INFO  o.e.m.c.i.embedder.EclipseLogger - skip non existing resourceDirectory C:\Users\Vinit\Desktop\Ad_JAVA\callback_proj\contactbookproject\src\test\resources
2020-11-06 07:21:48,297 [Worker-1: Building] WARN  o.e.m.c.i.embedder.EclipseLogger - Using platform encoding (Cp1252 actually) to copy filtered resources, i.e. build is platform dependent!
2020-11-06 07:21:48,309 [Worker-1: Building] INFO  o.e.m.c.i.embedder.EclipseLogger - skip non existing resourceDirectory C:\Users\Vinit\Desktop\Ad_JAVA\callback_proj\contactbookproject\src\main\resources
2020-11-06 07:21:48,316 [Worker-1: Building] WARN  o.e.m.c.i.embedder.EclipseLogger - Using platform encoding (Cp1252 actually) to copy filtered resources, i.e. build is platform dependent!
2020-11-06 07:21:48,324 [Worker-1: Building] INFO  o.e.m.c.i.embedder.EclipseLogger - skip non existing resourceDirectory C:\Users\Vinit\Desktop\Ad_JAVA\callback_proj\contactbookproject\src\test\resources
2020-11-06 07:24:21,465 [Worker-4: Building] WARN  o.e.m.c.i.embedder.EclipseLogger - Using platform encoding (Cp1252 actually) to copy filtered resources, i.e. build is platform dependent!
2020-11-06 07:24:21,468 [Worker-4: Building] INFO  o.e.m.c.i.embedder.EclipseLogger - skip non existing resourceDirectory C:\Users\Vinit\Desktop\Ad_JAVA\callback_proj\contactbookproject\src\main\resources
2020-11-06 07:24:21,472 [Worker-4: Building] WARN  o.e.m.c.i.embedder.EclipseLogger - Using platform encoding (Cp1252 actually) to copy filtered resources, i.e. build is platform dependent!
2020-11-06 07:24:21,475 [Worker-4: Building] INFO  o.e.m.c.i.embedder.EclipseLogger - skip non existing resourceDirectory C:\Users\Vinit\Desktop\Ad_JAVA\callback_proj\contactbookproject\src\test\resources
2020-11-06 07:29:37,005 [Worker-17: Building] WARN  o.e.m.c.i.embedder.EclipseLogger - Using platform encoding (Cp1252 actually) to copy filtered resources, i.e. build is platform dependent!
2020-11-06 07:29:37,011 [Worker-17: Building] INFO  o.e.m.c.i.embedder.EclipseLogger - skip non existing resourceDirectory C:\Users\Vinit\Desktop\Ad_JAVA\callback_proj\contactbookproject\src\main\resources
2020-11-06 07:29:37,017 [Worker-17: Building] WARN  o.e.m.c.i.embedder.EclipseLogger - Using platform encoding (Cp1252 actually) to copy filtered resources, i.e. build is platform dependent!
2020-11-06 07:29:37,029 [Worker-17: Building] INFO  o.e.m.c.i.embedder.EclipseLogger - skip non existing resourceDirectory C:\Users\Vinit\Desktop\Ad_JAVA\callback_proj\contactbookproject\src\test\resources
2020-11-06 07:30:15,074 [Worker-26: Building] WARN  o.e.m.c.i.embedder.EclipseLogger - Using platform encoding (Cp1252 actually) to copy filtered resources, i.e. build is platform dependent!
2020-11-06 07:30:15,081 [Worker-26: Building] INFO  o.e.m.c.i.embedder.EclipseLogger - skip non existing resourceDirectory C:\Users\Vinit\Desktop\Ad_JAVA\callback_proj\contactbookproject\src\main\resources
2020-11-06 07:30:15,088 [Worker-26: Building] WARN  o.e.m.c.i.embedder.EclipseLogger - Using platform encoding (Cp1252 actually) to copy filtered resources, i.e. build is platform dependent!
2020-11-06 07:30:15,100 [Worker-26: Building] INFO  o.e.m.c.i.embedder.EclipseLogger - skip non existing resourceDirectory C:\Users\Vinit\Desktop\Ad_JAVA\callback_proj\contactbookproject\src\test\resources
2020-11-06 08:09:50,906 [Worker-33: Building] WARN  o.e.m.c.i.embedder.EclipseLogger - Using platform encoding (Cp1252 actually) to copy filtered resources, i.e. build is platform dependent!
2020-11-06 08:09:50,912 [Worker-33: Building] INFO  o.e.m.c.i.embedder.EclipseLogger - skip non existing resourceDirectory C:\Users\Vinit\Desktop\Ad_JAVA\callback_proj\contactbookproject\src\main\resources
2020-11-06 08:09:50,917 [Worker-33: Building] WARN  o.e.m.c.i.embedder.EclipseLogger - Using platform encoding (Cp1252 actually) to copy filtered resources, i.e. build is platform dependent!
2020-11-06 08:09:50,926 [Worker-33: Building] INFO  o.e.m.c.i.embedder.EclipseLogger - skip non existing resourceDirectory C:\Users\Vinit\Desktop\Ad_JAVA\callback_proj\contactbookproject\src\test\resources
2020-11-06 08:10:23,744 [Worker-33: Building] WARN  o.e.m.c.i.embedder.EclipseLogger - Using platform encoding (Cp1252 actually) to copy filtered resources, i.e. build is platform dependent!
2020-11-06 08:10:23,751 [Worker-33: Building] INFO  o.e.m.c.i.embedder.EclipseLogger - skip non existing resourceDirectory C:\Users\Vinit\Desktop\Ad_JAVA\callback_proj\contactbookproject\src\main\resources
2020-11-06 08:10:23,757 [Worker-33: Building] WARN  o.e.m.c.i.embedder.EclipseLogger - Using platform encoding (Cp1252 actually) to copy filtered resources, i.e. build is platform dependent!
2020-11-06 08:10:23,767 [Worker-33: Building] INFO  o.e.m.c.i.embedder.EclipseLogger - skip non existing resourceDirectory C:\Users\Vinit\Desktop\Ad_JAVA\callback_proj\contactbookproject\src\test\resources
2020-11-06 09:23:08,793 [Worker-52: Building] WARN  o.e.m.c.i.embedder.EclipseLogger - Using platform encoding (Cp1252 actually) to copy filtered resources, i.e. build is platform dependent!
2020-11-06 09:23:08,800 [Worker-52: Building] INFO  o.e.m.c.i.embedder.EclipseLogger - skip non existing resourceDirectory C:\Users\Vinit\Desktop\Ad_JAVA\callback_proj\contactbookproject\src\main\resources
2020-11-06 09:23:08,806 [Worker-52: Building] WARN  o.e.m.c.i.embedder.EclipseLogger - Using platform encoding (Cp1252 actually) to copy filtered resources, i.e. build is platform dependent!
2020-11-06 09:23:08,813 [Worker-52: Building] INFO  o.e.m.c.i.embedder.EclipseLogger - skip non existing resourceDirectory C:\Users\Vinit\Desktop\Ad_JAVA\callback_proj\contactbookproject\src\test\resources
2020-11-06 10:00:47,820 [Worker-59: Building] WARN  o.e.m.c.i.embedder.EclipseLogger - Using platform encoding (Cp1252 actually) to copy filtered resources, i.e. build is platform dependent!
2020-11-06 10:00:47,825 [Worker-59: Building] INFO  o.e.m.c.i.embedder.EclipseLogger - skip non existing resourceDirectory C:\Users\Vinit\Desktop\Ad_JAVA\callback_proj\contactbookproject\src\main\resources
2020-11-06 10:00:47,831 [Worker-59: Building] WARN  o.e.m.c.i.embedder.EclipseLogger - Using platform encoding (Cp1252 actually) to copy filtered resources, i.e. build is platform dependent!
2020-11-06 10:00:47,838 [Worker-59: Building] INFO  o.e.m.c.i.embedder.EclipseLogger - skip non existing resourceDirectory C:\Users\Vinit\Desktop\Ad_JAVA\callback_proj\contactbookproject\src\test\resources
2020-11-06 10:05:47,033 [Worker-68: Building] INFO  o.e.m.c.i.l.LifecycleMappingFactory - Using org.maven.ide.eclipse.wtp.WarLifecycleMapping lifecycle mapping for MavenProject: Phonebook:Phonebook:0.0.1-SNAPSHOT @ C:\Users\Vinit\Desktop\Advanced Java\Spring\project\contactbook3\pom.xml.
2020-11-06 10:05:49,127 [Worker-68: Building] WARN  o.e.m.c.i.embedder.EclipseLogger - Using platform encoding (Cp1252 actually) to copy filtered resources, i.e. build is platform dependent!
2020-11-06 10:05:49,140 [Worker-68: Building] INFO  o.e.m.c.i.embedder.EclipseLogger - skip non existing resourceDirectory C:\Users\Vinit\Desktop\Advanced Java\Spring\project\contactbook3\src\main\resources
2020-11-06 10:05:49,154 [Worker-68: Building] WARN  o.e.m.c.i.embedder.EclipseLogger - Using platform encoding (Cp1252 actually) to copy filtered resources, i.e. build is platform dependent!
2020-11-06 10:05:49,169 [Worker-68: Building] INFO  o.e.m.c.i.embedder.EclipseLogger - skip non existing resourceDirectory C:\Users\Vinit\Desktop\Advanced Java\Spring\project\contactbook3\src\test\resources
2020-11-06 10:05:51,916 [Worker-68: Building] WARN  o.e.m.c.i.embedder.EclipseLogger - Using platform encoding (Cp1252 actually) to copy filtered resources, i.e. build is platform dependent!
2020-11-06 10:05:51,927 [Worker-68: Building] INFO  o.e.m.c.i.embedder.EclipseLogger - skip non existing resourceDirectory C:\Users\Vinit\Desktop\Advanced Java\Spring\project\contactbook3\src\main\resources
2020-11-06 10:05:51,933 [Worker-68: Building] WARN  o.e.m.c.i.embedder.EclipseLogger - Using platform encoding (Cp1252 actually) to copy filtered resources, i.e. build is platform dependent!
2020-11-06 10:05:51,943 [Worker-68: Building] INFO  o.e.m.c.i.embedder.EclipseLogger - skip non existing resourceDirectory C:\Users\Vinit\Desktop\Advanced Java\Spring\project\contactbook3\src\test\resources
2020-11-06 10:05:54,679 [Worker-70: Building] WARN  o.e.m.c.i.embedder.EclipseLogger - Using platform encoding (Cp1252 actually) to copy filtered resources, i.e. build is platform dependent!
2020-11-06 10:05:54,719 [Worker-70: Building] INFO  o.e.m.c.i.embedder.EclipseLogger - skip non existing resourceDirectory C:\Users\Vinit\Desktop\Advanced Java\Spring\project\contactbook3\src\main\resources
2020-11-06 10:05:54,726 [Worker-70: Building] WARN  o.e.m.c.i.embedder.EclipseLogger - Using platform encoding (Cp1252 actually) to copy filtered resources, i.e. build is platform dependent!
2020-11-06 10:05:54,765 [Worker-70: Building] INFO  o.e.m.c.i.embedder.EclipseLogger - skip non existing resourceDirectory C:\Users\Vinit\Desktop\Advanced Java\Spring\project\contactbook3\src\test\resources
2020-11-06 10:07:31,171 [Worker-62: Building] WARN  o.e.m.c.i.embedder.EclipseLogger - Using platform encoding (Cp1252 actually) to copy filtered resources, i.e. build is platform dependent!
2020-11-06 10:07:31,179 [Worker-62: Building] INFO  o.e.m.c.i.embedder.EclipseLogger - skip non existing resourceDirectory C:\Users\Vinit\Desktop\Advanced Java\Spring\project\contactbook3\src\main\resources
2020-11-06 10:07:31,184 [Worker-62: Building] WARN  o.e.m.c.i.embedder.EclipseLogger - Using platform encoding (Cp1252 actually) to copy filtered resources, i.e. build is platform dependent!
2020-11-06 10:07:31,192 [Worker-62: Building] INFO  o.e.m.c.i.embedder.EclipseLogger - skip non existing resourceDirectory C:\Users\Vinit\Desktop\Advanced Java\Spring\project\contactbook3\src\test\resources
2020-11-06 10:11:45,760 [Worker-73: Building] WARN  o.e.m.c.i.embedder.EclipseLogger - Using platform encoding (Cp1252 actually) to copy filtered resources, i.e. build is platform dependent!
2020-11-06 10:11:45,768 [Worker-73: Building] INFO  o.e.m.c.i.embedder.EclipseLogger - skip non existing resourceDirectory C:\Users\Vinit\Desktop\Advanced Java\Spring\project\contactbook3\src\main\resources
2020-11-06 10:11:45,775 [Worker-73: Building] WARN  o.e.m.c.i.embedder.EclipseLogger - Using platform encoding (Cp1252 actually) to copy filtered resources, i.e. build is platform dependent!
2020-11-06 10:11:45,784 [Worker-73: Building] INFO  o.e.m.c.i.embedder.EclipseLogger - skip non existing resourceDirectory C:\Users\Vinit\Desktop\Advanced Java\Spring\project\contactbook3\src\test\resources
2020-11-06 10:11:54,090 [Worker-67: Building] WARN  o.e.m.c.i.embedder.EclipseLogger - Using platform encoding (Cp1252 actually) to copy filtered resources, i.e. build is platform dependent!
2020-11-06 10:11:54,101 [Worker-67: Building] INFO  o.e.m.c.i.embedder.EclipseLogger - skip non existing resourceDirectory C:\Users\Vinit\Desktop\Ad_JAVA\callback_proj\contactbookproject\src\main\resources
2020-11-06 10:11:54,110 [Worker-67: Building] WARN  o.e.m.c.i.embedder.EclipseLogger - Using platform encoding (Cp1252 actually) to copy filtered resources, i.e. build is platform dependent!
2020-11-06 10:11:54,121 [Worker-67: Building] INFO  o.e.m.c.i.embedder.EclipseLogger - skip non existing resourceDirectory C:\Users\Vinit\Desktop\Ad_JAVA\callback_proj\contactbookproject\src\test\resources
2020-11-06 10:14:15,510 [Worker-66: Building] WARN  o.e.m.c.i.embedder.EclipseLogger - Using platform encoding (Cp1252 actually) to copy filtered resources, i.e. build is platform dependent!
2020-11-06 10:14:15,519 [Worker-66: Building] INFO  o.e.m.c.i.embedder.EclipseLogger - skip non existing resourceDirectory C:\Users\Vinit\Desktop\Advanced Java\Spring\project\contactbook3\src\main\resources
2020-11-06 10:14:15,525 [Worker-66: Building] WARN  o.e.m.c.i.embedder.EclipseLogger - Using platform encoding (Cp1252 actually) to copy filtered resources, i.e. build is platform dependent!
2020-11-06 10:14:15,533 [Worker-66: Building] INFO  o.e.m.c.i.embedder.EclipseLogger - skip non existing resourceDirectory C:\Users\Vinit\Desktop\Advanced Java\Spring\project\contactbook3\src\test\resources
2020-11-06 10:14:58,163 [Worker-66: Building] WARN  o.e.m.c.i.embedder.EclipseLogger - Using platform encoding (Cp1252 actually) to copy filtered resources, i.e. build is platform dependent!
2020-11-06 10:14:58,172 [Worker-66: Building] INFO  o.e.m.c.i.embedder.EclipseLogger - skip non existing resourceDirectory C:\Users\Vinit\Desktop\Advanced Java\Spring\project\contactbook3\src\main\resources
2020-11-06 10:14:58,176 [Worker-66: Building] WARN  o.e.m.c.i.embedder.EclipseLogger - Using platform encoding (Cp1252 actually) to copy filtered resources, i.e. build is platform dependent!
2020-11-06 10:14:58,184 [Worker-66: Building] INFO  o.e.m.c.i.embedder.EclipseLogger - skip non existing resourceDirectory C:\Users\Vinit\Desktop\Advanced Java\Spring\project\contactbook3\src\test\resources
2020-11-06 10:20:27,774 [Worker-77: Building] INFO  o.e.m.c.i.l.LifecycleMappingFactory - Using org.maven.ide.eclipse.wtp.WarLifecycleMapping lifecycle mapping for MavenProject: Phonebook:Phonebook:0.0.1-SNAPSHOT @ C:\Users\Vinit\Desktop\Advanced Java\Spring\project\contactbook3\pom.xml.
2020-11-06 10:20:28,402 [Worker-77: Building] WARN  o.e.m.c.i.embedder.EclipseLogger - Using platform encoding (Cp1252 actually) to copy filtered resources, i.e. build is platform dependent!
2020-11-06 10:20:28,472 [Worker-77: Building] INFO  o.e.m.c.i.embedder.EclipseLogger - skip non existing resourceDirectory C:\Users\Vinit\Desktop\Advanced Java\Spring\project\contactbook3\src\main\resources
2020-11-06 10:20:28,486 [Worker-77: Building] WARN  o.e.m.c.i.embedder.EclipseLogger - Using platform encoding (Cp1252 actually) to copy filtered resources, i.e. build is platform dependent!
2020-11-06 10:20:28,493 [Worker-77: Building] INFO  o.e.m.c.i.embedder.EclipseLogger - skip non existing resourceDirectory C:\Users\Vinit\Desktop\Advanced Java\Spring\project\contactbook3\src\test\resources
2020-11-06 10:20:30,421 [Worker-77: Building] WARN  o.e.m.c.i.embedder.EclipseLogger - Using platform encoding (Cp1252 actually) to copy filtered resources, i.e. build is platform dependent!
2020-11-06 10:20:30,453 [Worker-77: Building] INFO  o.e.m.c.i.embedder.EclipseLogger - skip non existing resourceDirectory C:\Users\Vinit\Desktop\Advanced Java\Spring\project\contactbook3\src\main\resources
2020-11-06 10:20:30,455 [Worker-77: Building] WARN  o.e.m.c.i.embedder.EclipseLogger - Using platform encoding (Cp1252 actually) to copy filtered resources, i.e. build is platform dependent!
2020-11-06 10:20:30,465 [Worker-77: Building] INFO  o.e.m.c.i.embedder.EclipseLogger - skip non existing resourceDirectory C:\Users\Vinit\Desktop\Advanced Java\Spring\project\contactbook3\src\test\resources
2020-11-06 10:20:32,695 [Worker-67: Building] WARN  o.e.m.c.i.embedder.EclipseLogger - Using platform encoding (Cp1252 actually) to copy filtered resources, i.e. build is platform dependent!
2020-11-06 10:20:32,705 [Worker-67: Building] INFO  o.e.m.c.i.embedder.EclipseLogger - skip non existing resourceDirectory C:\Users\Vinit\Desktop\Advanced Java\Spring\project\contactbook3\src\main\resources
2020-11-06 10:20:32,711 [Worker-67: Building] WARN  o.e.m.c.i.embedder.EclipseLogger - Using platform encoding (Cp1252 actually) to copy filtered resources, i.e. build is platform dependent!
2020-11-06 10:20:32,717 [Worker-67: Building] INFO  o.e.m.c.i.embedder.EclipseLogger - skip non existing resourceDirectory C:\Users\Vinit\Desktop\Advanced Java\Spring\project\contactbook3\src\test\resources
2020-11-06 10:49:08,543 [Worker-83: Building] WARN  o.e.m.c.i.embedder.EclipseLogger - Using platform encoding (Cp1252 actually) to copy filtered resources, i.e. build is platform dependent!
2020-11-06 10:49:08,547 [Worker-83: Building] INFO  o.e.m.c.i.embedder.EclipseLogger - skip non existing resourceDirectory C:\Users\Vinit\Desktop\Ad_JAVA\callback_proj\contactbookproject\src\main\resources
2020-11-06 10:49:08,549 [Worker-83: Building] WARN  o.e.m.c.i.embedder.EclipseLogger - Using platform encoding (Cp1252 actually) to copy filtered resources, i.e. build is platform dependent!
2020-11-06 10:49:08,554 [Worker-83: Building] INFO  o.e.m.c.i.embedder.EclipseLogger - skip non existing resourceDirectory C:\Users\Vinit\Desktop\Ad_JAVA\callback_proj\contactbookproject\src\test\resources
2020-11-06 10:58:34,175 [Worker-89: Building] INFO  o.e.m.c.i.l.LifecycleMappingFactory - Using org.maven.ide.eclipse.wtp.WarLifecycleMapping lifecycle mapping for MavenProject: Phonebook:Phonebook:0.0.1-SNAPSHOT @ C:\Users\Vinit\Desktop\Advanced Java\Spring\project\contactbook4\pom.xml.
2020-11-06 10:58:35,593 [Worker-89: Building] WARN  o.e.m.c.i.embedder.EclipseLogger - Using platform encoding (Cp1252 actually) to copy filtered resources, i.e. build is platform dependent!
2020-11-06 10:58:35,713 [Worker-89: Building] INFO  o.e.m.c.i.embedder.EclipseLogger - skip non existing resourceDirectory C:\Users\Vinit\Desktop\Advanced Java\Spring\project\contactbook4\src\main\resources
2020-11-06 10:58:35,720 [Worker-89: Building] WARN  o.e.m.c.i.embedder.EclipseLogger - Using platform encoding (Cp1252 actually) to copy filtered resources, i.e. build is platform dependent!
2020-11-06 10:58:35,770 [Worker-89: Building] INFO  o.e.m.c.i.embedder.EclipseLogger - skip non existing resourceDirectory C:\Users\Vinit\Desktop\Advanced Java\Spring\project\contactbook4\src\test\resources
2020-11-06 10:58:38,365 [Worker-89: Building] WARN  o.e.m.c.i.embedder.EclipseLogger - Using platform encoding (Cp1252 actually) to copy filtered resources, i.e. build is platform dependent!
2020-11-06 10:58:38,372 [Worker-89: Building] INFO  o.e.m.c.i.embedder.EclipseLogger - skip non existing resourceDirectory C:\Users\Vinit\Desktop\Advanced Java\Spring\project\contactbook4\src\main\resources
2020-11-06 10:58:38,377 [Worker-89: Building] WARN  o.e.m.c.i.embedder.EclipseLogger - Using platform encoding (Cp1252 actually) to copy filtered resources, i.e. build is platform dependent!
2020-11-06 10:58:38,385 [Worker-89: Building] INFO  o.e.m.c.i.embedder.EclipseLogger - skip non existing resourceDirectory C:\Users\Vinit\Desktop\Advanced Java\Spring\project\contactbook4\src\test\resources
2020-11-06 10:58:39,192 [Worker-95: Building] WARN  o.e.m.c.i.embedder.EclipseLogger - Using platform encoding (Cp1252 actually) to copy filtered resources, i.e. build is platform dependent!
2020-11-06 10:58:39,201 [Worker-95: Building] INFO  o.e.m.c.i.embedder.EclipseLogger - skip non existing resourceDirectory C:\Users\Vinit\Desktop\Advanced Java\Spring\project\contactbook4\src\main\resources
2020-11-06 10:58:39,204 [Worker-95: Building] WARN  o.e.m.c.i.embedder.EclipseLogger - Using platform encoding (Cp1252 actually) to copy filtered resources, i.e. build is platform dependent!
2020-11-06 10:58:39,216 [Worker-95: Building] INFO  o.e.m.c.i.embedder.EclipseLogger - skip non existing resourceDirectory C:\Users\Vinit\Desktop\Advanced Java\Spring\project\contactbook4\src\test\resources
2020-11-06 10:58:42,359 [Worker-95: Building] WARN  o.e.m.c.i.embedder.EclipseLogger - Using platform encoding (Cp1252 actually) to copy filtered resources, i.e. build is platform dependent!
2020-11-06 10:58:42,379 [Worker-95: Building] INFO  o.e.m.c.i.embedder.EclipseLogger - skip non existing resourceDirectory C:\Users\Vinit\Desktop\Advanced Java\Spring\project\contactbook4\src\main\resources
2020-11-06 10:58:42,388 [Worker-95: Building] WARN  o.e.m.c.i.embedder.EclipseLogger - Using platform encoding (Cp1252 actually) to copy filtered resources, i.e. build is platform dependent!
2020-11-06 10:58:42,403 [Worker-95: Building] INFO  o.e.m.c.i.embedder.EclipseLogger - skip non existing resourceDirectory C:\Users\Vinit\Desktop\Advanced Java\Spring\project\contactbook4\src\test\resources
2020-11-06 10:59:19,175 [Worker-90: Building] WARN  o.e.m.c.i.embedder.EclipseLogger - Using platform encoding (Cp1252 actually) to copy filtered resources, i.e. build is platform dependent!
2020-11-06 10:59:19,180 [Worker-90: Building] INFO  o.e.m.c.i.embedder.EclipseLogger - skip non existing resourceDirectory C:\Users\Vinit\Desktop\Advanced Java\Spring\project\contactbook4\src\main\resources
2020-11-06 10:59:19,181 [Worker-90: Building] WARN  o.e.m.c.i.embedder.EclipseLogger - Using platform encoding (Cp1252 actually) to copy filtered resources, i.e. build is platform dependent!
2020-11-06 10:59:19,189 [Worker-90: Building] INFO  o.e.m.c.i.embedder.EclipseLogger - skip non existing resourceDirectory C:\Users\Vinit\Desktop\Advanced Java\Spring\project\contactbook4\src\test\resources
2020-11-06 11:00:28,883 [Worker-91: Building] WARN  o.e.m.c.i.embedder.EclipseLogger - Using platform encoding (Cp1252 actually) to copy filtered resources, i.e. build is platform dependent!
2020-11-06 11:00:28,891 [Worker-91: Building] INFO  o.e.m.c.i.embedder.EclipseLogger - skip non existing resourceDirectory C:\Users\Vinit\Desktop\Advanced Java\Spring\project\contactbook4\src\main\resources
2020-11-06 11:00:28,896 [Worker-91: Building] WARN  o.e.m.c.i.embedder.EclipseLogger - Using platform encoding (Cp1252 actually) to copy filtered resources, i.e. build is platform dependent!
2020-11-06 11:00:28,903 [Worker-91: Building] INFO  o.e.m.c.i.embedder.EclipseLogger - skip non existing resourceDirectory C:\Users\Vinit\Desktop\Advanced Java\Spring\project\contactbook4\src\test\resources
2020-11-06 11:01:07,960 [Worker-99: Building] WARN  o.e.m.c.i.embedder.EclipseLogger - Using platform encoding (Cp1252 actually) to copy filtered resources, i.e. build is platform dependent!
2020-11-06 11:01:07,965 [Worker-99: Building] INFO  o.e.m.c.i.embedder.EclipseLogger - skip non existing resourceDirectory C:\Users\Vinit\Desktop\Advanced Java\Spring\project\contactbook4\src\main\resources
2020-11-06 11:01:07,968 [Worker-99: Building] WARN  o.e.m.c.i.embedder.EclipseLogger - Using platform encoding (Cp1252 actually) to copy filtered resources, i.e. build is platform dependent!
2020-11-06 11:01:07,978 [Worker-99: Building] INFO  o.e.m.c.i.embedder.EclipseLogger - skip non existing resourceDirectory C:\Users\Vinit\Desktop\Advanced Java\Spring\project\contactbook4\src\test\resources
2020-11-06 11:03:29,184 [Worker-93: Building] WARN  o.e.m.c.i.embedder.EclipseLogger - Using platform encoding (Cp1252 actually) to copy filtered resources, i.e. build is platform dependent!
2020-11-06 11:03:29,194 [Worker-93: Building] INFO  o.e.m.c.i.embedder.EclipseLogger - skip non existing resourceDirectory C:\Users\Vinit\Desktop\Advanced Java\Spring\project\contactbook4\src\main\resources
2020-11-06 11:03:29,199 [Worker-93: Building] WARN  o.e.m.c.i.embedder.EclipseLogger - Using platform encoding (Cp1252 actually) to copy filtered resources, i.e. build is platform dependent!
2020-11-06 11:03:29,207 [Worker-93: Building] INFO  o.e.m.c.i.embedder.EclipseLogger - skip non existing resourceDirectory C:\Users\Vinit\Desktop\Advanced Java\Spring\project\contactbook4\src\test\resources
2020-11-06 11:08:40,475 [Worker-92: Building] WARN  o.e.m.c.i.embedder.EclipseLogger - Using platform encoding (Cp1252 actually) to copy filtered resources, i.e. build is platform dependent!
2020-11-06 11:08:40,484 [Worker-92: Building] INFO  o.e.m.c.i.embedder.EclipseLogger - skip non existing resourceDirectory C:\Users\Vinit\Desktop\Advanced Java\Spring\project\contactbook4\src\main\resources
2020-11-06 11:08:40,486 [Worker-92: Building] WARN  o.e.m.c.i.embedder.EclipseLogger - Using platform encoding (Cp1252 actually) to copy filtered resources, i.e. build is platform dependent!
2020-11-06 11:08:40,498 [Worker-92: Building] INFO  o.e.m.c.i.embedder.EclipseLogger - skip non existing resourceDirectory C:\Users\Vinit\Desktop\Advanced Java\Spring\project\contactbook4\src\test\resources
2020-11-06 11:08:42,946 [Worker-66: Building] WARN  o.e.m.c.i.embedder.EclipseLogger - Using platform encoding (Cp1252 actually) to copy filtered resources, i.e. build is platform dependent!
2020-11-06 11:08:42,966 [Worker-66: Building] INFO  o.e.m.c.i.embedder.EclipseLogger - skip non existing resourceDirectory C:\Users\Vinit\Desktop\Advanced Java\Spring\project\contactbook4\src\main\resources
2020-11-06 11:08:42,977 [Worker-66: Building] WARN  o.e.m.c.i.embedder.EclipseLogger - Using platform encoding (Cp1252 actually) to copy filtered resources, i.e. build is platform dependent!
2020-11-06 11:08:42,997 [Worker-66: Building] INFO  o.e.m.c.i.embedder.EclipseLogger - skip non existing resourceDirectory C:\Users\Vinit\Desktop\Advanced Java\Spring\project\contactbook4\src\test\resources
2020-11-06 11:09:23,194 [Worker-66: Building] WARN  o.e.m.c.i.embedder.EclipseLogger - Using platform encoding (Cp1252 actually) to copy filtered resources, i.e. build is platform dependent!
2020-11-06 11:09:23,200 [Worker-66: Building] INFO  o.e.m.c.i.embedder.EclipseLogger - skip non existing resourceDirectory C:\Users\Vinit\Desktop\Advanced Java\Spring\project\contactbook4\src\main\resources
2020-11-06 11:09:23,202 [Worker-66: Building] WARN  o.e.m.c.i.embedder.EclipseLogger - Using platform encoding (Cp1252 actually) to copy filtered resources, i.e. build is platform dependent!
2020-11-06 11:09:23,212 [Worker-66: Building] INFO  o.e.m.c.i.embedder.EclipseLogger - skip non existing resourceDirectory C:\Users\Vinit\Desktop\Advanced Java\Spring\project\contactbook4\src\test\resources
2020-11-06 11:11:37,763 [Worker-97: Building] WARN  o.e.m.c.i.embedder.EclipseLogger - Using platform encoding (Cp1252 actually) to copy filtered resources, i.e. build is platform dependent!
2020-11-06 11:11:37,771 [Worker-97: Building] INFO  o.e.m.c.i.embedder.EclipseLogger - skip non existing resourceDirectory C:\Users\Vinit\Desktop\Advanced Java\Spring\project\contactbook4\src\main\resources
2020-11-06 11:11:37,775 [Worker-97: Building] WARN  o.e.m.c.i.embedder.EclipseLogger - Using platform encoding (Cp1252 actually) to copy filtered resources, i.e. build is platform dependent!
2020-11-06 11:11:37,782 [Worker-97: Building] INFO  o.e.m.c.i.embedder.EclipseLogger - skip non existing resourceDirectory C:\Users\Vinit\Desktop\Advanced Java\Spring\project\contactbook4\src\test\resources
2020-11-06 11:29:43,356 [Worker-66: Building] WARN  o.e.m.c.i.embedder.EclipseLogger - Using platform encoding (Cp1252 actually) to copy filtered resources, i.e. build is platform dependent!
2020-11-06 11:29:43,360 [Worker-66: Building] INFO  o.e.m.c.i.embedder.EclipseLogger - skip non existing resourceDirectory C:\Users\Vinit\Desktop\Advanced Java\Spring\project\contactbook4\src\main\resources
2020-11-06 11:29:43,361 [Worker-66: Building] WARN  o.e.m.c.i.embedder.EclipseLogger - Using platform encoding (Cp1252 actually) to copy filtered resources, i.e. build is platform dependent!
2020-11-06 11:29:43,371 [Worker-66: Building] INFO  o.e.m.c.i.embedder.EclipseLogger - skip non existing resourceDirectory C:\Users\Vinit\Desktop\Advanced Java\Spring\project\contactbook4\src\test\resources
2020-11-06 12:33:50,877 [Worker-117: Building] INFO  o.e.m.c.i.l.LifecycleMappingFactory - Using org.maven.ide.eclipse.wtp.WarLifecycleMapping lifecycle mapping for MavenProject: Phonebook:Phonebook:0.0.1-SNAPSHOT @ C:\Users\Vinit\Desktop\Advanced Java\Spring\project\contactbook5\pom.xml.
2020-11-06 12:33:51,681 [Worker-117: Building] WARN  o.e.m.c.i.embedder.EclipseLogger - Using platform encoding (Cp1252 actually) to copy filtered resources, i.e. build is platform dependent!
2020-11-06 12:33:51,690 [Worker-117: Building] INFO  o.e.m.c.i.embedder.EclipseLogger - skip non existing resourceDirectory C:\Users\Vinit\Desktop\Advanced Java\Spring\project\contactbook5\src\main\resources
2020-11-06 12:33:51,696 [Worker-117: Building] WARN  o.e.m.c.i.embedder.EclipseLogger - Using platform encoding (Cp1252 actually) to copy filtered resources, i.e. build is platform dependent!
2020-11-06 12:33:51,700 [Worker-117: Building] INFO  o.e.m.c.i.embedder.EclipseLogger - skip non existing resourceDirectory C:\Users\Vinit\Desktop\Advanced Java\Spring\project\contactbook5\src\test\resources
2020-11-06 12:33:52,226 [Worker-117: Building] WARN  o.e.m.c.i.embedder.EclipseLogger - Using platform encoding (Cp1252 actually) to copy filtered resources, i.e. build is platform dependent!
2020-11-06 12:33:52,230 [Worker-117: Building] INFO  o.e.m.c.i.embedder.EclipseLogger - skip non existing resourceDirectory C:\Users\Vinit\Desktop\Advanced Java\Spring\project\contactbook5\src\main\resources
2020-11-06 12:33:52,237 [Worker-117: Building] WARN  o.e.m.c.i.embedder.EclipseLogger - Using platform encoding (Cp1252 actually) to copy filtered resources, i.e. build is platform dependent!
2020-11-06 12:33:52,242 [Worker-117: Building] INFO  o.e.m.c.i.embedder.EclipseLogger - skip non existing resourceDirectory C:\Users\Vinit\Desktop\Advanced Java\Spring\project\contactbook5\src\test\resources
2020-11-06 12:33:52,995 [Worker-120: Building] WARN  o.e.m.c.i.embedder.EclipseLogger - Using platform encoding (Cp1252 actually) to copy filtered resources, i.e. build is platform dependent!
2020-11-06 12:33:53,004 [Worker-120: Building] INFO  o.e.m.c.i.embedder.EclipseLogger - skip non existing resourceDirectory C:\Users\Vinit\Desktop\Advanced Java\Spring\project\contactbook5\src\main\resources
2020-11-06 12:33:53,024 [Worker-120: Building] WARN  o.e.m.c.i.embedder.EclipseLogger - Using platform encoding (Cp1252 actually) to copy filtered resources, i.e. build is platform dependent!
2020-11-06 12:33:53,033 [Worker-120: Building] INFO  o.e.m.c.i.embedder.EclipseLogger - skip non existing resourceDirectory C:\Users\Vinit\Desktop\Advanced Java\Spring\project\contactbook5\src\test\resources
2020-11-06 12:33:59,325 [Worker-116: Building] WARN  o.e.m.c.i.embedder.EclipseLogger - Using platform encoding (Cp1252 actually) to copy filtered resources, i.e. build is platform dependent!
2020-11-06 12:33:59,330 [Worker-116: Building] INFO  o.e.m.c.i.embedder.EclipseLogger - skip non existing resourceDirectory C:\Users\Vinit\Desktop\Advanced Java\Spring\project\contactbook5\src\main\resources
2020-11-06 12:33:59,334 [Worker-116: Building] WARN  o.e.m.c.i.embedder.EclipseLogger - Using platform encoding (Cp1252 actually) to copy filtered resources, i.e. build is platform dependent!
2020-11-06 12:33:59,341 [Worker-116: Building] INFO  o.e.m.c.i.embedder.EclipseLogger - skip non existing resourceDirectory C:\Users\Vinit\Desktop\Advanced Java\Spring\project\contactbook5\src\test\resources
2020-11-06 12:37:03,033 [Worker-117: Building] WARN  o.e.m.c.i.embedder.EclipseLogger - Using platform encoding (Cp1252 actually) to copy filtered resources, i.e. build is platform dependent!
2020-11-06 12:37:03,039 [Worker-117: Building] INFO  o.e.m.c.i.embedder.EclipseLogger - skip non existing resourceDirectory C:\Users\Vinit\Desktop\Advanced Java\Spring\project\contactbook5\src\main\resources
2020-11-06 12:37:03,046 [Worker-117: Building] WARN  o.e.m.c.i.embedder.EclipseLogger - Using platform encoding (Cp1252 actually) to copy filtered resources, i.e. build is platform dependent!
2020-11-06 12:37:03,055 [Worker-117: Building] INFO  o.e.m.c.i.embedder.EclipseLogger - skip non existing resourceDirectory C:\Users\Vinit\Desktop\Advanced Java\Spring\project\contactbook5\src\test\resources
2020-11-06 12:42:37,695 [Worker-120: Building] WARN  o.e.m.c.i.embedder.EclipseLogger - Using platform encoding (Cp1252 actually) to copy filtered resources, i.e. build is platform dependent!
2020-11-06 12:42:37,704 [Worker-120: Building] INFO  o.e.m.c.i.embedder.EclipseLogger - skip non existing resourceDirectory C:\Users\Vinit\Desktop\Advanced Java\Spring\project\contactbook5\src\main\resources
2020-11-06 12:42:37,721 [Worker-120: Building] WARN  o.e.m.c.i.embedder.EclipseLogger - Using platform encoding (Cp1252 actually) to copy filtered resources, i.e. build is platform dependent!
2020-11-06 12:42:37,749 [Worker-120: Building] INFO  o.e.m.c.i.embedder.EclipseLogger - skip non existing resourceDirectory C:\Users\Vinit\Desktop\Advanced Java\Spring\project\contactbook5\src\test\resources
2020-11-06 12:48:25,020 [Worker-128: Building] WARN  o.e.m.c.i.embedder.EclipseLogger - Using platform encoding (Cp1252 actually) to copy filtered resources, i.e. build is platform dependent!
2020-11-06 12:48:25,025 [Worker-128: Building] INFO  o.e.m.c.i.embedder.EclipseLogger - skip non existing resourceDirectory C:\Users\Vinit\Desktop\Advanced Java\Spring\project\contactbook5\src\main\resources
2020-11-06 12:48:25,030 [Worker-128: Building] WARN  o.e.m.c.i.embedder.EclipseLogger - Using platform encoding (Cp1252 actually) to copy filtered resources, i.e. build is platform dependent!
2020-11-06 12:48:25,039 [Worker-128: Building] INFO  o.e.m.c.i.embedder.EclipseLogger - skip non existing resourceDirectory C:\Users\Vinit\Desktop\Advanced Java\Spring\project\contactbook5\src\test\resources
2020-11-06 13:38:08,041 [Worker-140: Building] WARN  o.e.m.c.i.embedder.EclipseLogger - Using platform encoding (Cp1252 actually) to copy filtered resources, i.e. build is platform dependent!
2020-11-06 13:38:08,121 [Worker-140: Building] INFO  o.e.m.c.i.embedder.EclipseLogger - skip non existing resourceDirectory C:\Users\Vinit\Desktop\Advanced Java\Spring\project\contactbook5\src\main\resources
2020-11-06 13:38:08,126 [Worker-140: Building] WARN  o.e.m.c.i.embedder.EclipseLogger - Using platform encoding (Cp1252 actually) to copy filtered resources, i.e. build is platform dependent!
2020-11-06 13:38:08,135 [Worker-140: Building] INFO  o.e.m.c.i.embedder.EclipseLogger - skip non existing resourceDirectory C:\Users\Vinit\Desktop\Advanced Java\Spring\project\contactbook5\src\test\resources
